<?xml version="1.0" encoding="UTF-8"?>
<testng-results ignored="0" total="3" passed="3" failed="0" skipped="0">
  <reporter-output>
  </reporter-output>
  <suite started-at="2025-08-21T20:04:22 IST" name="MMT Suite" finished-at="2025-08-21T20:05:49 IST" duration-ms="87668">
    <groups>
      <group name="cucumber">
        <method signature="AbstractTestNGCucumberTests.runScenario(io.cucumber.testng.PickleWrapper,io.cucumber.testng.FeatureWrapper)[pri:0, instance:com.makemytrip.runner.TestRunner@2dc9b0f5]" name="runScenario" class="io.cucumber.testng.AbstractTestNGCucumberTests"/>
      </group> <!-- cucumber -->
    </groups>
    <test started-at="2025-08-21T20:04:22 IST" name="Cab Test" finished-at="2025-08-21T20:05:49 IST" duration-ms="87668">
      <class name="com.makemytrip.runner.TestRunner">
        <test-method is-config="true" signature="beforeSuite()[pri:0, instance:com.makemytrip.runner.TestRunner@2dc9b0f5]" started-at="2025-08-21T20:04:22 IST" name="beforeSuite" finished-at="2025-08-21T20:04:22 IST" duration-ms="74" status="PASS">
          <reporter-output>
          </reporter-output>
        </test-method> <!-- beforeSuite -->
        <test-method is-config="true" signature="setUpClass(org.testng.ITestContext)[pri:0, instance:com.makemytrip.runner.TestRunner@2dc9b0f5]" started-at="2025-08-21T20:04:22 IST" name="setUpClass" finished-at="2025-08-21T20:04:23 IST" duration-ms="1206" status="PASS">
          <params>
            <param index="0">
              <value>
                <![CDATA[org.testng.TestRunner@63a7781]]>
              </value>
            </param>
          </params>
          <reporter-output>
          </reporter-output>
        </test-method> <!-- setUpClass -->
        <test-method signature="runScenario(io.cucumber.testng.PickleWrapper,io.cucumber.testng.FeatureWrapper)[pri:0, instance:com.makemytrip.runner.TestRunner@2dc9b0f5]" started-at="2025-08-21T20:04:23 IST" name="runScenario" description="Runs Cucumber Scenarios" data-provider="scenarios" finished-at="2025-08-21T20:05:09 IST" duration-ms="45802" status="PASS">
          <params>
            <param index="0">
              <value>
                <![CDATA["Finding one-way cab from <From> to <Destination>"]]>
              </value>
            </param>
            <param index="1">
              <value>
                <![CDATA["Cab Booking Functionality"]]>
              </value>
            </param>
          </params>
          <reporter-output>
          </reporter-output>
        </test-method> <!-- runScenario -->
        <test-method signature="runScenario(io.cucumber.testng.PickleWrapper,io.cucumber.testng.FeatureWrapper)[pri:0, instance:com.makemytrip.runner.TestRunner@2dc9b0f5]" started-at="2025-08-21T20:05:09 IST" name="runScenario" description="Runs Cucumber Scenarios" data-provider="scenarios" finished-at="2025-08-21T20:05:32 IST" duration-ms="22747" status="PASS">
          <params>
            <param index="0">
              <value>
                <![CDATA["get the error message for wrong <Email> address"]]>
              </value>
            </param>
            <param index="1">
              <value>
                <![CDATA["Gift Card Functionality"]]>
              </value>
            </param>
          </params>
          <reporter-output>
          </reporter-output>
        </test-method> <!-- runScenario -->
        <test-method signature="runScenario(io.cucumber.testng.PickleWrapper,io.cucumber.testng.FeatureWrapper)[pri:0, instance:com.makemytrip.runner.TestRunner@2dc9b0f5]" started-at="2025-08-21T20:05:32 IST" name="runScenario" description="Runs Cucumber Scenarios" data-provider="scenarios" finished-at="2025-08-21T20:05:49 IST" duration-ms="17757" status="PASS">
          <params>
            <param index="0">
              <value>
                <![CDATA["Get maximum adult count available in Hotels guests selector"]]>
              </value>
            </param>
            <param index="1">
              <value>
                <![CDATA["Get max adult count from the dropdown in Hotels tab"]]>
              </value>
            </param>
          </params>
          <reporter-output>
          </reporter-output>
        </test-method> <!-- runScenario -->
        <test-method is-config="true" signature="tearDownClass()[pri:0, instance:com.makemytrip.runner.TestRunner@2dc9b0f5]" started-at="2025-08-21T20:05:49 IST" name="tearDownClass" finished-at="2025-08-21T20:05:49 IST" duration-ms="48" status="PASS">
          <reporter-output>
          </reporter-output>
        </test-method> <!-- tearDownClass -->
        <test-method is-config="true" signature="afterSuite()[pri:0, instance:com.makemytrip.runner.TestRunner@2dc9b0f5]" started-at="2025-08-21T20:05:49 IST" name="afterSuite" finished-at="2025-08-21T20:05:49 IST" duration-ms="69" status="PASS">
          <reporter-output>
          </reporter-output>
        </test-method> <!-- afterSuite -->
      </class> <!-- com.makemytrip.runner.TestRunner -->
    </test> <!-- Cab Test -->
  </suite> <!-- MMT Suite -->
</testng-results>
